# JRE version: Java(TM) SE Runtime Environment (8.0_65-b17) (build 1.8.0_65-b17)
# Java VM: Java HotSpot(TM) 64-Bit Server VM (25.65-b01 mixed mode windows-amd64 compressed oops)
Heap:
 PSYoungGen      total 220672K, used 46896K [0x00000000f0000000, 0x0000000100000000, 0x0000000100000000)
  eden space 187904K, 7% used [0x00000000f0000000,0x00000000f0e138e0,0x00000000fb780000)
  from space 32768K, 99% used [0x00000000fb780000,0x00000000fd7389b8,0x00000000fd780000)
  to   space 41472K, 0% used [0x00000000fd780000,0x00000000fd780000,0x0000000100000000)
 ParOldGen       total 524288K, used 45820K [0x00000000d0000000, 0x00000000f0000000, 0x00000000f0000000)
  object space 524288K, 8% used [0x00000000d0000000,0x00000000d2cbf000,0x00000000f0000000)
 Metaspace       used 47743K, capacity 49654K, committed 49920K, reserved 1093632K
  class space    used 5740K, capacity 6276K, committed 6400K, reserved 1048576K
GC Heap History (10 events):
Event: 8.790 GC heap before
{Heap before GC invocations=5 (full 1):
 PSYoungGen      total 229376K, used 150507K [0x00000000f0000000, 0x0000000100000000, 0x0000000100000000)
  eden space 196608K, 67% used [0x00000000f0000000,0x00000000f80d6528,0x00000000fc000000)
  from space 32768K, 56% used [0x00000000fc000000,0x00000000fd2248d8,0x00000000fe000000)
  to   space 32768K, 0% used [0x00000000fe000000,0x00000000fe000000,0x0000000100000000)
 ParOldGen       total 524288K, used 22846K [0x00000000d0000000, 0x00000000f0000000, 0x00000000f0000000)
  object space 524288K, 4% used [0x00000000d0000000,0x00000000d164f880,0x00000000f0000000)
 Metaspace       used 33911K, capacity 35348K, committed 35416K, reserved 1081344K
  class space    used 3918K, capacity 4343K, committed 4352K, reserved 1048576K
Event: 8.841 GC heap after
Heap after GC invocations=5 (full 1):
 PSYoungGen      total 229376K, used 32351K [0x00000000f0000000, 0x0000000100000000, 0x0000000100000000)
  eden space 196608K, 0% used [0x00000000f0000000,0x00000000f0000000,0x00000000fc000000)
  from space 32768K, 98% used [0x00000000fe000000,0x00000000fff97dd0,0x0000000100000000)
  to   space 32768K, 0% used [0x00000000fc000000,0x00000000fc000000,0x00000000fe000000)
 ParOldGen       total 524288K, used 22854K [0x00000000d0000000, 0x00000000f0000000, 0x00000000f0000000)
  object space 524288K, 4% used [0x00000000d0000000,0x00000000d1651880,0x00000000f0000000)
 Metaspace       used 33911K, capacity 35348K, committed 35416K, reserved 1081344K
  class space    used 3918K, capacity 4343K, committed 4352K, reserved 1048576K
}
Event: 8.841 GC heap before
{Heap before GC invocations=6 (full 2):
 PSYoungGen      total 229376K, used 32351K [0x00000000f0000000, 0x0000000100000000, 0x0000000100000000)
  eden space 196608K, 0% used [0x00000000f0000000,0x00000000f0000000,0x00000000fc000000)
  from space 32768K, 98% used [0x00000000fe000000,0x00000000fff97dd0,0x0000000100000000)
  to   space 32768K, 0% used [0x00000000fc000000,0x00000000fc000000,0x00000000fe000000)
 ParOldGen       total 524288K, used 22854K [0x00000000d0000000, 0x00000000f0000000, 0x00000000f0000000)
  object space 524288K, 4% used [0x00000000d0000000,0x00000000d1651880,0x00000000f0000000)
 Metaspace       used 33911K, capacity 35348K, committed 35416K, reserved 1081344K
  class space    used 3918K, capacity 4343K, committed 4352K, reserved 1048576K
Event: 9.025 GC heap after
Heap after GC invocations=6 (full 2):
 PSYoungGen      total 229376K, used 0K [0x00000000f0000000, 0x0000000100000000, 0x0000000100000000)
  eden space 196608K, 0% used [0x00000000f0000000,0x00000000f0000000,0x00000000fc000000)
  from space 32768K, 0% used [0x00000000fe000000,0x00000000fe000000,0x0000000100000000)
  to   space 32768K, 0% used [0x00000000fc000000,0x00000000fc000000,0x00000000fe000000)
 ParOldGen       total 524288K, used 45804K [0x00000000d0000000, 0x00000000f0000000, 0x00000000f0000000)
  object space 524288K, 8% used [0x00000000d0000000,0x00000000d2cbb000,0x00000000f0000000)
 Metaspace       used 33911K, capacity 35348K, committed 35416K, reserved 1081344K
  class space    used 3918K, capacity 4343K, committed 4352K, reserved 1048576K
}
Event: 10.887 GC heap before
{Heap before GC invocations=7 (full 2):
 PSYoungGen      total 229376K, used 196608K [0x00000000f0000000, 0x0000000100000000, 0x0000000100000000)
  eden space 196608K, 100% used [0x00000000f0000000,0x00000000fc000000,0x00000000fc000000)
  from space 32768K, 0% used [0x00000000fe000000,0x00000000fe000000,0x0000000100000000)
  to   space 32768K, 0% used [0x00000000fc000000,0x00000000fc000000,0x00000000fe000000)
 ParOldGen       total 524288K, used 45804K [0x00000000d0000000, 0x00000000f0000000, 0x00000000f0000000)
  object space 524288K, 8% used [0x00000000d0000000,0x00000000d2cbb000,0x00000000f0000000)
 Metaspace       used 37608K, capacity 39148K, committed 39424K, reserved 1083392K
  class space    used 4320K, capacity 4789K, committed 4864K, reserved 1048576K
Event: 10.908 GC heap after
Heap after GC invocations=7 (full 2):
 PSYoungGen      total 207872K, used 10841K [0x00000000f0000000, 0x0000000100000000, 0x0000000100000000)
  eden space 196608K, 0% used [0x00000000f0000000,0x00000000f0000000,0x00000000fc000000)
  from space 11264K, 96% used [0x00000000fc000000,0x00000000fca967e0,0x00000000fcb00000)
  to   space 37376K, 0% used [0x00000000fdb80000,0x00000000fdb80000,0x0000000100000000)
 ParOldGen       total 524288K, used 45804K [0x00000000d0000000, 0x00000000f0000000, 0x00000000f0000000)
  object space 524288K, 8% used [0x00000000d0000000,0x00000000d2cbb000,0x00000000f0000000)
 Metaspace       used 37608K, capacity 39148K, committed 39424K, reserved 1083392K
  class space    used 4320K, capacity 4789K, committed 4864K, reserved 1048576K
}
Event: 12.496 GC heap before
{Heap before GC invocations=8 (full 2):
 PSYoungGen      total 207872K, used 207449K [0x00000000f0000000, 0x0000000100000000, 0x0000000100000000)
  eden space 196608K, 100% used [0x00000000f0000000,0x00000000fc000000,0x00000000fc000000)
  from space 11264K, 96% used [0x00000000fc000000,0x00000000fca967e0,0x00000000fcb00000)
  to   space 37376K, 0% used [0x00000000fdb80000,0x00000000fdb80000,0x0000000100000000)
 ParOldGen       total 524288K, used 45804K [0x00000000d0000000, 0x00000000f0000000, 0x00000000f0000000)
  object space 524288K, 8% used [0x00000000d0000000,0x00000000d2cbb000,0x00000000f0000000)
 Metaspace       used 41058K, capacity 42836K, committed 43008K, reserved 1087488K
  class space    used 4801K, capacity 5259K, committed 5376K, reserved 1048576K
Event: 12.539 GC heap after
Heap after GC invocations=8 (full 2):
 PSYoungGen      total 225280K, used 22281K [0x00000000f0000000, 0x0000000100000000, 0x0000000100000000)
  eden space 187904K, 0% used [0x00000000f0000000,0x00000000f0000000,0x00000000fb780000)
  from space 37376K, 59% used [0x00000000fdb80000,0x00000000ff142568,0x0000000100000000)
  to   space 36864K, 0% used [0x00000000fb780000,0x00000000fb780000,0x00000000fdb80000)
 ParOldGen       total 524288K, used 45812K [0x00000000d0000000, 0x00000000f0000000, 0x00000000f0000000)
  object space 524288K, 8% used [0x00000000d0000000,0x00000000d2cbd000,0x00000000f0000000)
 Metaspace       used 41058K, capacity 42836K, committed 43008K, reserved 1087488K
  class space    used 4801K, capacity 5259K, committed 5376K, reserved 1048576K
}
Event: 14.206 GC heap before
{Heap before GC invocations=9 (full 2):
 PSYoungGen      total 225280K, used 210185K [0x00000000f0000000, 0x0000000100000000, 0x0000000100000000)
  eden space 187904K, 100% used [0x00000000f0000000,0x00000000fb780000,0x00000000fb780000)
  from space 37376K, 59% used [0x00000000fdb80000,0x00000000ff142568,0x0000000100000000)
  to   space 36864K, 0% used [0x00000000fb780000,0x00000000fb780000,0x00000000fdb80000)
 ParOldGen       total 524288K, used 45812K [0x00000000d0000000, 0x00000000f0000000, 0x00000000f0000000)
  object space 524288K, 8% used [0x00000000d0000000,0x00000000d2cbd000,0x00000000f0000000)
 Metaspace       used 47077K, capacity 48950K, committed 49024K, reserved 1091584K
  class space    used 5658K, capacity 6212K, committed 6272K, reserved 1048576K
Event: 14.263 GC heap after
Heap after GC invocations=9 (full 2):
 PSYoungGen      total 220672K, used 32482K [0x00000000f0000000, 0x0000000100000000, 0x0000000100000000)
  eden space 187904K, 0% used [0x00000000f0000000,0x00000000f0000000,0x00000000fb780000)
  from space 32768K, 99% used [0x00000000fb780000,0x00000000fd7389b8,0x00000000fd780000)
  to   space 41472K, 0% used [0x00000000fd780000,0x00000000fd780000,0x0000000100000000)
 ParOldGen       total 524288K, used 45820K [0x00000000d0000000, 0x00000000f0000000, 0x00000000f0000000)
  object space 524288K, 8% used [0x00000000d0000000,0x00000000d2cbf000,0x00000000f0000000)
 Metaspace       used 47077K, capacity 48950K, committed 49024K, reserved 1091584K
  class space    used 5658K, capacity 6212K, committed 6272K, reserved 1048576K
}

